[0mGET / [32m200[0m 59.783 ms - 4261[0m
[0mGET /css/layout.css [36m304[0m 5.760 ms - -[0m
[0mGET /js/home_posts.js [36m304[0m 1.337 ms - -[0m
[0mGET /js/chat_engine.js [36m304[0m 0.671 ms - -[0m
[0mGET /users/signin [36m304[0m 4.361 ms - -[0m
[0mGET /css/layout.css [36m304[0m 0.818 ms - -[0m
[0mPOST /users/create-session [36m302[0m 8.503 ms - 46[0m
[0mGET / [32m200[0m 20.414 ms - 6410[0m
[0mGET /css/layout.css [36m304[0m 3.135 ms - -[0m
[0mGET /js/home_posts.js [36m304[0m 2.294 ms - -[0m
[0mGET /js/chat_engine.js [36m304[0m 1.762 ms - -[0m
[0mGET /users/signout [36m302[0m 6.685 ms - 46[0m
[0mGET / [32m200[0m 15.731 ms - 4503[0m
[0mGET /css/layout.css [36m304[0m 0.697 ms - -[0m
[0mGET /js/home_posts.js [36m304[0m 2.167 ms - -[0m
[0mGET /js/chat_engine.js [36m304[0m 1.125 ms - -[0m
[0mGET /users/signup [32m200[0m 6.147 ms - 1986[0m
[0mGET /css/layout.css [36m304[0m 1.108 ms - -[0m
[0mGET /users/signup [36m304[0m 16.337 ms - -[0m
[0mGET /css/layout.css [36m304[0m 2.910 ms - -[0m
[0mGET /users/signup [36m304[0m 8.741 ms - -[0m
[0mGET /css/layout.css [36m304[0m 0.595 ms - -[0m
[0mGET / [32m200[0m 38.408 ms - 4261[0m
[0mGET /css/layout.css [36m304[0m 4.529 ms - -[0m
[0mGET /js/home_posts.js [36m304[0m 2.426 ms - -[0m
[0mGET /js/chat_engine.js [36m304[0m 2.142 ms - -[0m
[0mGET / [36m304[0m 100.694 ms - -[0m
[0mGET /css/layout.css [36m304[0m 4.227 ms - -[0m
[0mGET /js/home_posts.js [36m304[0m 1.539 ms - -[0m
[0mGET /js/chat_engine.js [36m304[0m 1.310 ms - -[0m
[0mGET /users/signin [36m304[0m 15.352 ms - -[0m
[0mGET /css/layout.css [36m304[0m 1.582 ms - -[0m
[0mPOST /users/create-session [36m302[0m 108.045 ms - 46[0m
[0mGET / [32m200[0m 60.818 ms - 6410[0m
[0mGET /css/layout.css [36m304[0m 1.800 ms - -[0m
[0mGET /js/home_posts.js [36m304[0m 2.190 ms - -[0m
[0mGET /js/chat_engine.js [36m304[0m 2.431 ms - -[0m
[0mGET /users/profile/61d1e0e31218fa44e82eb06a [32m200[0m 110.788 ms - 1807[0m
[0mGET /css/layout.css [36m304[0m 1.275 ms - -[0m
[0mGET / [32m200[0m 36.158 ms - 6167[0m
[0mGET /css/layout.css [36m304[0m 1.567 ms - -[0m
[0mGET /js/home_posts.js [36m304[0m 1.887 ms - -[0m
[0mGET /js/chat_engine.js [36m304[0m 2.224 ms - -[0m
[0mGET /users/profile/61d1e10b1218fa44e82eb06b [32m200[0m 12.563 ms - 2162[0m
[0mGET /css/layout.css [36m304[0m 0.953 ms - -[0m
[0mPOST /users/update/61d1e10b1218fa44e82eb06b [36m302[0m 13.360 ms - 164[0m
[0mGET /users/profile/61d1e10b1218fa44e82eb06b [32m200[0m 43.897 ms - 2215[0m
[0mGET /css/layout.css [36m304[0m 1.135 ms - -[0m
[0mGET /uploads/users/avatars/avatar-1641584750542-404680814 [32m200[0m 3.801 ms - 1264172[0m
[0mGET / [36m304[0m 39.480 ms - -[0m
[0mGET /css/layout.css [36m304[0m 1.967 ms - -[0m
[0mGET /js/home_posts.js [36m304[0m 1.506 ms - -[0m
[0mGET /js/chat_engine.js [36m304[0m 1.374 ms - -[0m
[0mGET /users/profile/61d1e18ad51a0205a84884c6 [32m200[0m 12.752 ms - 1781[0m
[0mGET /css/layout.css [36m304[0m 1.744 ms - -[0m
[0mGET / [36m304[0m 30.766 ms - -[0m
[0mGET /css/layout.css [36m304[0m 1.080 ms - -[0m
[0mGET /js/home_posts.js [36m304[0m 2.109 ms - -[0m
[0mGET /js/chat_engine.js [36m304[0m 1.423 ms - -[0m
[0mGET /users/profile/61d1e10b1218fa44e82eb06b [36m304[0m 12.111 ms - -[0m
[0mGET /css/layout.css [36m304[0m 2.773 ms - -[0m
[0mGET /uploads/users/avatars/avatar-1641584750542-404680814 [36m304[0m 2.006 ms - -[0m
[0mGET /users/profile/61d1e10b1218fa44e82eb06b [36m304[0m 10.918 ms - -[0m
[0mGET /css/layout.css [36m304[0m 0.705 ms - -[0m
[0mGET /uploads/users/avatars/avatar-1641584750542-404680814 [36m304[0m 2.155 ms - -[0m
[0mGET / [36m304[0m 30.152 ms - -[0m
[0mGET /css/layout.css [36m304[0m 1.591 ms - -[0m
[0mGET /js/home_posts.js [36m304[0m 1.579 ms - -[0m
[0mGET /js/chat_engine.js [36m304[0m 1.376 ms - -[0m
[0mGET / [32m200[0m 37.964 ms - 4261[0m
[0mGET /js/home_posts.js [32m200[0m 1016.159 ms - 2682[0m
[0mGET /js/chat_engine.js [32m200[0m 1015.494 ms - 3467[0m
[0mGET /css/layout.css [32m200[0m 1040.453 ms - 2414[0m
[0mGET /users/signin [32m200[0m 6.408 ms - 1907[0m
[0mGET /css/layout.css [36m304[0m 0.870 ms - -[0m
[0mPOST /users/create-session [36m302[0m 5.856 ms - 46[0m
[0mGET / [32m200[0m 28.991 ms - 6359[0m
[0mGET /css/layout.css [36m304[0m 1.056 ms - -[0m
[0mGET /js/home_posts.js [36m304[0m 0.459 ms - -[0m
[0mGET /js/chat_engine.js [36m304[0m 0.783 ms - -[0m
[0mGET / [32m200[0m 242.023 ms - 4261[0m
[0mGET /css/layout.css [32m200[0m 7.889 ms - 1836[0m
[0mGET /js/home_posts.js [32m200[0m 3.902 ms - 2682[0m
[0mGET /js/chat_engine.js [32m200[0m 4.194 ms - 3467[0m
[0mGET /favicon.ico [33m404[0m 9.503 ms - 150[0m
[0mGET / [36m304[0m 73.673 ms - -[0m
[0mGET /css/layout.css [33m404[0m 17.064 ms - 153[0m
[0mGET /js/home_posts.js [33m404[0m 15.492 ms - 155[0m
[0mGET /js/chat_engine.js [33m404[0m 23.498 ms - 156[0m
[0mGET /css/layout.css [33m404[0m 5.702 ms - 153[0m
[0mGET /js/home_posts.js [33m404[0m 6.704 ms - 155[0m
[0mGET /js/chat_engine.js [33m404[0m 3.113 ms - 156[0m
[0mGET /css/layout.css [33m404[0m 4.923 ms - 153[0m
[0mGET / [36m304[0m 49.953 ms - -[0m
[0mGET /css/layout.css [33m404[0m 14.132 ms - 153[0m
[0mGET / [32m200[0m 39.467 ms - 4261[0m
[0mGET /js/home_posts.js [33m404[0m 33.797 ms - 155[0m
[0mGET /js/chat_engine.js [33m404[0m 34.677 ms - 156[0m
[0mGET /css/layout.css [33m404[0m 6.953 ms - 153[0m
[0mGET /js/home_posts.js [33m404[0m 6.023 ms - 155[0m
[0mGET /js/chat_engine.js [33m404[0m 7.412 ms - 156[0m
[0mGET /css/layout.css [33m404[0m 5.579 ms - 153[0m
[0mGET /js/home_posts.js [33m404[0m 6.403 ms - 155[0m
[0mGET /js/chat_engine.js [33m404[0m 2.069 ms - 156[0m
[0mGET /favicon.ico [33m404[0m 3.391 ms - 150[0m
[0mGET / [36m304[0m 27.269 ms - -[0m
[0mGET /css/layout.css [33m404[0m 19.937 ms - 153[0m
[0mGET /js/home_posts.js [33m404[0m 20.565 ms - 155[0m
[0mGET / [32m200[0m 54.959 ms - 4261[0m
[0mGET /js/chat_engine.js [33m404[0m 43.082 ms - 156[0m
[0mGET /css/layout.css [33m404[0m 7.113 ms - 153[0m
[0mGET /js/home_posts.js [33m404[0m 7.477 ms - 155[0m
[0mGET /js/chat_engine.js [33m404[0m 6.153 ms - 156[0m
[0mGET /css/layout.css [33m404[0m 2.502 ms - 153[0m
[0mGET /js/home_posts.js [33m404[0m 2.563 ms - 155[0m
[0mGET /js/chat_engine.js [33m404[0m 2.675 ms - 156[0m
[0mGET /favicon.ico [33m404[0m 2.799 ms - 150[0m
[0mGET / [31m500[0m 17.616 ms - 1660[0m
[0mGET / [31m500[0m 19.094 ms - 1660[0m
[0mGET / [32m200[0m 16.465 ms - 4256[0m
[0mGET /undefined [33m404[0m 8.795 ms - 148[0m
[0mGET / [32m200[0m 32.094 ms - 4256[0m
[0mGET /js/home_posts.js [33m404[0m 24.921 ms - 155[0m
[0mGET /js/chat_engine.js [33m404[0m 22.542 ms - 156[0m
[0mGET /undefined [33m404[0m 4.999 ms - 148[0m
[0mGET /js/home_posts.js [33m404[0m 4.480 ms - 155[0m
[0mGET /js/chat_engine.js [33m404[0m 4.295 ms - 156[0m
[0mGET /undefined [33m404[0m 5.066 ms - 148[0m
[0mGET /js/home_posts.js [33m404[0m 5.648 ms - 155[0m
[0mGET /js/chat_engine.js [33m404[0m 1.933 ms - 156[0m
[0mGET /favicon.ico [33m404[0m 2.101 ms - 150[0m
[0mGET / [36m304[0m 20.199 ms - -[0m
[0mGET /undefined [33m404[0m 9.960 ms - 148[0m
[0mGET /js/home_posts.js [33m404[0m 12.615 ms - 155[0m
[0mGET / [32m200[0m 34.451 ms - 4256[0m
[0mGET /js/chat_engine.js [33m404[0m 19.961 ms - 156[0m
[0mGET /undefined [33m404[0m 1.846 ms - 148[0m
[0mGET /undefined [33m404[0m 3.239 ms - 148[0m
[0mGET /js/home_posts.js [33m404[0m 4.152 ms - 155[0m
[0mGET /js/chat_engine.js [33m404[0m 8.761 ms - 156[0m
[0mGET /undefined [33m404[0m 1.492 ms - 148[0m
[0mGET /js/home_posts.js [33m404[0m 1.995 ms - 155[0m
[0mGET /js/chat_engine.js [33m404[0m 1.395 ms - 156[0m
[0mGET /favicon.ico [33m404[0m 2.354 ms - 150[0m
[0mGET / [36m304[0m 14.199 ms - -[0m
[0mGET /undefined [33m404[0m 9.137 ms - 148[0m
[0mGET /js/home_posts.js [33m404[0m 15.633 ms - 155[0m
[0mGET /js/chat_engine.js [33m404[0m 12.907 ms - 156[0m
[0mGET / [32m200[0m 31.534 ms - 4256[0m
[0mGET /undefined [33m404[0m 1.898 ms - 148[0m
[0mGET /undefined [33m404[0m 4.361 ms - 148[0m
[0mGET /js/home_posts.js [33m404[0m 5.329 ms - 155[0m
[0mGET /js/chat_engine.js [33m404[0m 4.622 ms - 156[0m
[0mGET /undefined [33m404[0m 2.566 ms - 148[0m
[0mGET /js/home_posts.js [33m404[0m 1.755 ms - 155[0m
[0mGET /js/chat_engine.js [33m404[0m 1.925 ms - 156[0m
[0mGET /favicon.ico [33m404[0m 2.951 ms - 150[0m
[0mGET / [32m200[0m 12.767 ms - 4268[0m
[0mGET /layout-f95c53a537.css [33m404[0m 11.128 ms - 160[0m
[0mGET /js/home_posts.js [33m404[0m 8.098 ms - 155[0m
[0mGET /js/chat_engine.js [33m404[0m 7.840 ms - 156[0m
[0mGET / [32m200[0m 25.486 ms - 4268[0m
[0mGET /layout-f95c53a537.css [33m404[0m 2.203 ms - 160[0m
[0mGET /layout-f95c53a537.css [33m404[0m 4.128 ms - 160[0m
[0mGET /js/home_posts.js [33m404[0m 5.661 ms - 155[0m
[0mGET /js/chat_engine.js [33m404[0m 6.165 ms - 156[0m
[0mGET /layout-f95c53a537.css [33m404[0m 2.345 ms - 160[0m
[0mGET /js/home_posts.js [33m404[0m 2.333 ms - 155[0m
[0mGET /js/chat_engine.js [33m404[0m 1.608 ms - 156[0m
[0mGET /favicon.ico [33m404[0m 1.948 ms - 150[0m
[0mGET / [36m304[0m 22.140 ms - -[0m
[0mGET / [32m200[0m 23.302 ms - 4268[0m
[0mGET /layout-f95c53a537.css [33m404[0m 18.188 ms - 160[0m
[0mGET /js/home_posts.js [33m404[0m 18.499 ms - 155[0m
[0mGET /js/chat_engine.js [33m404[0m 18.529 ms - 156[0m
[0mGET /layout-f95c53a537.css [33m404[0m 4.776 ms - 160[0m
[0mGET /js/home_posts.js [33m404[0m 5.232 ms - 155[0m
[0mGET /js/chat_engine.js [33m404[0m 5.262 ms - 156[0m
[0mGET /layout-f95c53a537.css [33m404[0m 2.483 ms - 160[0m
[0mGET /js/home_posts.js [33m404[0m 2.988 ms - 155[0m
[0mGET /js/chat_engine.js [33m404[0m 1.419 ms - 156[0m
[0mGET /favicon.ico [33m404[0m 2.903 ms - 150[0m
[0mGET / [32m200[0m 25.381 ms - 4260[0m
[0mGET /layout-f95c53a537.css [33m404[0m 17.936 ms - 160[0m
[0mGET /js/home_posts.js [33m404[0m 17.783 ms - 155[0m
[0mGET / [32m200[0m 44.308 ms - 4260[0m
[0mGET /undefined [33m404[0m 34.486 ms - 148[0m
[0mGET /layout-f95c53a537.css [33m404[0m 2.757 ms - 160[0m
[0mGET /layout-f95c53a537.css [33m404[0m 3.127 ms - 160[0m
[0mGET /js/home_posts.js [33m404[0m 6.091 ms - 155[0m
[0mGET /undefined [33m404[0m 7.330 ms - 148[0m
[0mGET /layout-f95c53a537.css [33m404[0m 2.056 ms - 160[0m
[0mGET /js/home_posts.js [33m404[0m 4.821 ms - 155[0m
[0mGET /undefined [33m404[0m 1.931 ms - 148[0m
[0mGET /favicon.ico [33m404[0m 3.154 ms - 150[0m
[0mGET / [32m200[0m 16.401 ms - 4313[0m
[0mGET / [32m200[0m 25.819 ms - 4313[0m
[0mGET /layout-f95c53a537.css [33m404[0m 17.742 ms - 160[0m
[0mGET /js/home_posts.js [33m404[0m 16.189 ms - 155[0m
[0mGET /undefined [33m404[0m 16.351 ms - 148[0m
[0mGET /js/chat_engine.js [33m404[0m 17.004 ms - 156[0m
[0mGET /layout-f95c53a537.css [33m404[0m 2.568 ms - 160[0m
[0mGET /js/home_posts.js [33m404[0m 2.550 ms - 155[0m
[0mGET /undefined [33m404[0m 3.545 ms - 148[0m
[0mGET /js/chat_engine.js [33m404[0m 4.277 ms - 156[0m
[0mGET /layout-f95c53a537.css [33m404[0m 1.853 ms - 160[0m
[0mGET /js/home_posts.js [33m404[0m 1.868 ms - 155[0m
[0mGET /undefined [33m404[0m 2.045 ms - 148[0m
[0mGET /js/chat_engine.js [33m404[0m 1.769 ms - 156[0m
[0mGET /favicon.ico [33m404[0m 2.231 ms - 150[0m
[0mGET / [32m200[0m 14.796 ms - 4313[0m
[0mGET /layout-f95c53a537.css [33m404[0m 15.904 ms - 160[0m
[0mGET / [32m200[0m 32.293 ms - 4313[0m
[0mGET /undefined [33m404[0m 22.334 ms - 148[0m
[0mGET /js/home_posts.js [33m404[0m 22.157 ms - 155[0m
[0mGET /js/chat_engine.js [33m404[0m 17.200 ms - 156[0m
[0mGET /layout-f95c53a537.css [33m404[0m 2.883 ms - 160[0m
[0mGET /js/home_posts.js [33m404[0m 4.111 ms - 155[0m
[0mGET /undefined [33m404[0m 5.713 ms - 148[0m
[0mGET /js/chat_engine.js [33m404[0m 5.960 ms - 156[0m
[0mGET /layout-f95c53a537.css [33m404[0m 2.358 ms - 160[0m
[0mGET /js/home_posts.js [33m404[0m 2.408 ms - 155[0m
[0mGET /undefined [33m404[0m 1.899 ms - 148[0m
[0mGET /js/chat_engine.js [33m404[0m 2.245 ms - 156[0m
[0mGET /favicon.ico [33m404[0m 2.909 ms - 150[0m
[0mGET / [32m200[0m 12.411 ms - 4332[0m
[0mGET / [32m200[0m 23.708 ms - 4332[0m
[0mGET /layout-f95c53a537.css [33m404[0m 18.276 ms - 160[0m
[0mGET /js/chat_engine-45d2eecc48.js [33m404[0m 17.671 ms - 167[0m
[0mGET /js/home_posts.js [33m404[0m 18.277 ms - 155[0m
[0mGET /js/chat_engine.js [33m404[0m 19.535 ms - 156[0m
[0mGET /layout-f95c53a537.css [33m404[0m 4.169 ms - 160[0m
[0mGET /js/home_posts.js [33m404[0m 4.049 ms - 155[0m
[0mGET /js/chat_engine-45d2eecc48.js [33m404[0m 4.385 ms - 167[0m
[0mGET /js/chat_engine.js [33m404[0m 4.972 ms - 156[0m
[0mGET /layout-f95c53a537.css [33m404[0m 1.761 ms - 160[0m
[0mGET /js/home_posts.js [33m404[0m 2.988 ms - 155[0m
[0mGET /js/chat_engine-45d2eecc48.js [33m404[0m 1.341 ms - 167[0m
[0mGET /js/chat_engine.js [33m404[0m 1.897 ms - 156[0m
[0mGET /favicon.ico [33m404[0m 2.187 ms - 150[0m
[0mGET / [36m304[0m 50.390 ms - -[0m
[0mGET /layout-f95c53a537.css [33m404[0m 23.627 ms - 160[0m
[0mGET / [32m200[0m 49.389 ms - 4332[0m
[0mGET /js/home_posts.js [33m404[0m 44.541 ms - 155[0m
[0mGET /js/chat_engine-45d2eecc48.js [33m404[0m 44.127 ms - 167[0m
[0mGET /js/chat_engine.js [33m404[0m 46.749 ms - 156[0m
[0mGET /layout-f95c53a537.css [33m404[0m 7.045 ms - 160[0m
[0mGET /js/home_posts.js [33m404[0m 12.635 ms - 155[0m
[0mGET /js/chat_engine-45d2eecc48.js [33m404[0m 9.867 ms - 167[0m
[0mGET /js/chat_engine.js [33m404[0m 8.748 ms - 156[0m
[0mGET /layout-f95c53a537.css [33m404[0m 3.351 ms - 160[0m
[0mGET /js/home_posts.js [33m404[0m 4.521 ms - 155[0m
[0mGET /js/chat_engine-45d2eecc48.js [33m404[0m 2.536 ms - 167[0m
[0mGET /js/chat_engine.js [33m404[0m 2.280 ms - 156[0m
[0mGET /favicon.ico [33m404[0m 4.075 ms - 150[0m
[0mGET /assets/css/layout.css [33m404[0m 2.690 ms - 160[0m
[0mGET /css/layout.css [33m404[0m 2.594 ms - 153[0m
[0mGET / [32m200[0m 43.826 ms - 4312[0m
[0mGET /css/layout.css [32m200[0m 20.637 ms - 1836[0m
[0mGET /js/home_posts.js [32m200[0m 22.128 ms - 2682[0m
[0mGET /js/chat_engine.js [32m200[0m 22.951 ms - 3467[0m
[0mGET / [32m200[0m 41.328 ms - 4312[0m
[0mGET /css/layout.css [32m200[0m 4.656 ms - 1836[0m
[0mGET /js/home_posts.js [32m200[0m 4.541 ms - 2682[0m
[0mGET /js/chat_engine.js [32m200[0m 4.906 ms - 3467[0m
[0mGET /favicon.ico [33m404[0m 4.297 ms - 150[0m
[0mGET /users/signin [32m200[0m 7.272 ms - 1906[0m
[0mGET /users/signin [32m200[0m 10.068 ms - 1906[0m
[0mGET /users/css/layout.css [33m404[0m 12.221 ms - 159[0m
[0mGET /users/css/layout.css [33m404[0m 5.504 ms - 159[0m
[0mGET /users/css/layout.css [33m404[0m 2.532 ms - 159[0m
[0mGET /favicon.ico [33m404[0m 4.783 ms - 150[0m
[0mGET /css/layout.css [36m304[0m 7.011 ms - -[0m
[0mGET /js/home_posts.js [36m304[0m 6.780 ms - -[0m
[0mGET /js/chat_engine.js [36m304[0m 9.002 ms - -[0m
[0mGET / [32m200[0m 42.824 ms - 4312[0m
[0mGET /css/layout.css [32m200[0m 2.640 ms - 1836[0m
[0mGET /js/home_posts.js [32m200[0m 3.050 ms - 2682[0m
[0mGET /js/chat_engine.js [32m200[0m 3.313 ms - 3467[0m
[0mGET /favicon.ico [33m404[0m 3.156 ms - 150[0m
[0mGET / [36m304[0m 16.440 ms - -[0m
[0mGET /css/layout.css [36m304[0m 4.197 ms - -[0m
[0mGET /js/home_posts.js [36m304[0m 4.247 ms - -[0m
[0mGET /js/chat_engine.js [36m304[0m 4.287 ms - -[0m
[0mGET / [32m200[0m 35.588 ms - 4312[0m
[0mGET /css/layout.css [32m200[0m 4.848 ms - 1836[0m
[0mGET /js/home_posts.js [32m200[0m 4.953 ms - 2682[0m
[0mGET /js/chat_engine.js [32m200[0m 5.503 ms - 3467[0m
[0mGET /favicon.ico [33m404[0m 3.417 ms - 150[0m
[0mGET /users/signin [36m304[0m 7.244 ms - -[0m
[0mGET /users/signin [32m200[0m 7.225 ms - 1906[0m
[0mGET /users/css/layout.css [33m404[0m 3.497 ms - 159[0m
[0mGET /users/css/layout.css [33m404[0m 2.816 ms - 159[0m
[0mGET /users/css/layout.css [33m404[0m 2.088 ms - 159[0m
[0mGET /favicon.ico [33m404[0m 2.921 ms - 150[0m
[0mGET /users/css/layout.css [33m404[0m 2.266 ms - 159[0m
[0mGET /users/signin [32m200[0m 2.691 ms - 1905[0m
[0mGET /users/signin [32m200[0m 6.267 ms - 1905[0m
[0mGET /favicon.ico [33m404[0m 2.809 ms - 150[0m
[0mGET /users/signin [36m304[0m 4.952 ms - -[0m
[0mGET /users/signin [32m200[0m 3.734 ms - 1905[0m
[0mGET /favicon.ico [33m404[0m 2.552 ms - 150[0m
[0mGET / [32m200[0m 14.447 ms - 4311[0m
[0mGET /js/home_posts.js [36m304[0m 3.019 ms - -[0m
[0mGET /js/chat_engine.js [36m304[0m 3.423 ms - -[0m
[0mGET / [32m200[0m 30.891 ms - 4311[0m
[0mGET /js/home_posts.js [32m200[0m 1.751 ms - 2682[0m
[0mGET /js/chat_engine.js [32m200[0m 3.181 ms - 3467[0m
[0mGET /favicon.ico [33m404[0m 2.415 ms - 150[0m
[0mGET / [36m304[0m 13.936 ms - -[0m
[0mGET /js/home_posts.js [36m304[0m 2.939 ms - -[0m
[0mGET /js/chat_engine.js [36m304[0m 3.224 ms - -[0m
[0mGET / [32m200[0m 23.821 ms - 4311[0m
[0mGET /js/home_posts.js [32m200[0m 2.447 ms - 2682[0m
[0mGET /js/chat_engine.js [32m200[0m 1.804 ms - 3467[0m
[0mGET /favicon.ico [33m404[0m 2.357 ms - 150[0m
[0mGET / [32m200[0m 13.407 ms - 4312[0m
[0mGET /js/home_posts.js [36m304[0m 3.435 ms - -[0m
[0mGET /js/chat_engine.js [36m304[0m 3.565 ms - -[0m
[0mGET / [32m200[0m 28.132 ms - 4312[0m
[0mGET /js/home_posts.js [32m200[0m 1.322 ms - 2682[0m
[0mGET /js/chat_engine.js [32m200[0m 1.420 ms - 3467[0m
[0mGET /favicon.ico [33m404[0m 1.882 ms - 150[0m
[0mGET / [36m304[0m 47.583 ms - -[0m
[0mGET /js/home_posts.js [36m304[0m 7.285 ms - -[0m
[0mGET /js/chat_engine.js [36m304[0m 6.707 ms - -[0m
[0mGET / [32m200[0m 36.405 ms - 4312[0m
[0mGET /js/home_posts.js [32m200[0m 4.944 ms - 2682[0m
[0mGET /js/chat_engine.js [32m200[0m 4.063 ms - 3467[0m
[0mGET /favicon.ico [33m404[0m 6.964 ms - 150[0m
[0mGET / [32m200[0m 25.603 ms - 4311[0m
[0mGET /js/home_posts.js [36m304[0m 6.420 ms - -[0m
[0mGET /js/chat_engine.js [36m304[0m 3.519 ms - -[0m
[0mGET / [32m200[0m 36.976 ms - 4311[0m
[0mGET /js/home_posts.js [32m200[0m 2.286 ms - 2682[0m
[0mGET /js/chat_engine.js [32m200[0m 2.683 ms - 3467[0m
[0mGET /favicon.ico [33m404[0m 3.782 ms - 150[0m
[0mGET / [32m200[0m 15.518 ms - 4312[0m
[0mGET /js/home_posts.js [36m304[0m 2.926 ms - -[0m
[0mGET /js/chat_engine.js [36m304[0m 2.893 ms - -[0m
[0mGET / [32m200[0m 32.678 ms - 4312[0m
[0mGET /js/home_posts.js [32m200[0m 1.204 ms - 2682[0m
[0mGET /js/chat_engine.js [32m200[0m 1.449 ms - 3467[0m
[0mGET /favicon.ico [33m404[0m 4.306 ms - 150[0m
[0mGET / [32m200[0m 17.427 ms - 4313[0m
[0mGET /css/layout.css [36m304[0m 3.185 ms - -[0m
[0mGET /js/home_posts.js [36m304[0m 2.202 ms - -[0m
[0mGET /js/chat_engine.js [36m304[0m 2.504 ms - -[0m
[0mGET / [32m200[0m 29.935 ms - 4313[0m
[0mGET /css/layout.css [32m200[0m 0.777 ms - 1836[0m
[0mGET /js/home_posts.js [32m200[0m 4.766 ms - 2682[0m
[0mGET /js/chat_engine.js [32m200[0m 4.912 ms - 3467[0m
[0mGET /favicon.ico [33m404[0m 3.395 ms - 150[0m
[0mGET /users/signin [32m200[0m 4.323 ms - 1906[0m
[0mGET /users/signin [32m200[0m 6.537 ms - 1906[0m
[0mGET /users/css/layout.css [33m404[0m 3.742 ms - 159[0m
[0mGET /users/css/layout.css [33m404[0m 4.210 ms - 159[0m
[0mGET /users/css/layout.css [33m404[0m 2.400 ms - 159[0m
[0mGET /favicon.ico [33m404[0m 2.435 ms - 150[0m
[0mGET /users/signin [36m304[0m 2.663 ms - -[0m
[0mGET /users/signin [32m200[0m 5.113 ms - 1906[0m
[0mGET /users/css/layout.css [33m404[0m 3.020 ms - 159[0m
[0mGET /users/css/layout.css [33m404[0m 2.196 ms - 159[0m
[0mGET /users/css/layout.css [33m404[0m 2.271 ms - 159[0m
[0mGET /favicon.ico [33m404[0m 1.905 ms - 150[0m
[0mPOST /users/create-session [36m302[0m 55.622 ms - 46[0m
[0mGET / [32m200[0m 15.702 ms - 6461[0m
[0mGET /css/layout.css [36m304[0m 8.740 ms - -[0m
[0mGET /js/home_posts.js [36m304[0m 1.692 ms - -[0m
[0mGET / [32m200[0m 35.748 ms - 6218[0m
[0mGET /js/chat_engine.js [36m304[0m 13.692 ms - -[0m
[0mGET /css/layout.css [32m200[0m 1.239 ms - 1836[0m
[0mGET /js/home_posts.js [32m200[0m 1.392 ms - 2682[0m
[0mGET /js/chat_engine.js [32m200[0m 1.637 ms - 3467[0m
[0mGET /favicon.ico [33m404[0m 8.012 ms - 150[0m
[0mGET / [32m200[0m 16.104 ms - 4312[0m
[0mGET /css/layout.css [32m200[0m 2.493 ms - 1836[0m
[0mGET /js/home_posts.js [32m200[0m 2.588 ms - 2682[0m
[0mGET /js/chat_engine.js [32m200[0m 1.159 ms - 3467[0m
[0mGET /users/signin [32m200[0m 4.446 ms - 1906[0m
[0mGET /users/css/layout.css [33m404[0m 2.658 ms - 159[0m
[0mPOST /users/create-session [36m302[0m 5.475 ms - 46[0m
[0mGET / [32m200[0m 17.422 ms - 6410[0m
[0mGET /css/layout.css [36m304[0m 1.210 ms - -[0m
[0mGET /js/home_posts.js [36m304[0m 1.266 ms - -[0m
[0mGET /js/chat_engine.js [36m304[0m 1.235 ms - -[0m
[0mGET /users/profile/61d1e0e31218fa44e82eb06a [32m200[0m 8.534 ms - 1804[0m
[0mGET /users/profile/css/layout.css [33m404[0m 4.443 ms - 167[0m
[0mGET /users/profile/61d1e10b1218fa44e82eb06b [32m200[0m 8.245 ms - 2214[0m
[0mGET /users/profile/61d1e10b1218fa44e82eb06b [32m200[0m 12.455 ms - 2214[0m
[0mGET /users/profile/css/layout.css [33m404[0m 13.500 ms - 167[0m
[0mGET /users/profile/css/layout.css [33m404[0m 5.177 ms - 167[0m
[0mGET /users/profile/css/layout.css [33m404[0m 3.954 ms - 167[0m
[0mGET /uploads/users/avatars/avatar-1641584750542-404680814 [32m200[0m 289.981 ms - 1264172[0m
[0mGET /favicon.ico [33m404[0m 3.586 ms - 150[0m
[0mGET /users/profile/61d1e10b1218fa44e82eb06b [32m200[0m 10.649 ms - 2215[0m
[0mGET /users/profile/61d1e10b1218fa44e82eb06b [32m200[0m 11.405 ms - 2215[0m
[0mGET /css/layout.css [36m304[0m 5.635 ms - -[0m
[0mGET /css/layout.css [32m200[0m 1.157 ms - 1836[0m
[0mGET /uploads/users/avatars/avatar-1641584750542-404680814 [32m200[0m 1.443 ms - 1264172[0m
[0mGET /favicon.ico [33m404[0m 5.178 ms - 150[0m
[0mGET /users/profile/61d1e10b1218fa44e82eb06b [36m304[0m 10.541 ms - -[0m
[0mGET /css/layout.css [36m304[0m 5.004 ms - -[0m
[0mGET /users/profile/61d1e10b1218fa44e82eb06b [32m200[0m 22.907 ms - 2215[0m
[0mGET /css/layout.css [32m200[0m 1.447 ms - 1836[0m
[0mGET /uploads/users/avatars/avatar-1641584750542-404680814 [32m200[0m 1.537 ms - 1264172[0m
[0mGET /favicon.ico [33m404[0m 4.509 ms - 150[0m
[0mGET /users/signout [36m302[0m 4.793 ms - 46[0m
[0mGET / [32m200[0m 17.523 ms - 4555[0m
[0mGET /css/layout.css [36m304[0m 4.383 ms - -[0m
[0mGET /js/home_posts.js [36m304[0m 2.534 ms - -[0m
[0mGET /js/chat_engine.js [36m304[0m 2.681 ms - -[0m
[0mGET / [32m200[0m 24.451 ms - 4313[0m
[0mGET /css/layout.css [32m200[0m 3.020 ms - 1836[0m
[0mGET /js/home_posts.js [32m200[0m 2.063 ms - 2682[0m
[0mGET /js/chat_engine.js [32m200[0m 1.943 ms - 3467[0m
[0mGET /favicon.ico [33m404[0m 2.963 ms - 150[0m
[0mGET /users/signin [32m200[0m 4.171 ms - 1907[0m
[0mGET /users/signin [32m200[0m 6.393 ms - 1907[0m
[0mGET /css/layout.css [36m304[0m 0.427 ms - -[0m
[0mGET /css/layout.css [32m200[0m 0.730 ms - 1836[0m
[0mGET /favicon.ico [33m404[0m 2.530 ms - 150[0m
[0mGET / [32m200[0m 47.443 ms - 4325[0m
[0mGET /css/layout.css [33m404[0m 27.347 ms - 153[0m
[0mGET / [32m200[0m 55.289 ms - 4325[0m
[0mGET /js/chat_engine-45d2eecc48.js [33m404[0m 45.752 ms - 167[0m
[0mGET /js/home_posts.js [33m404[0m 45.351 ms - 155[0m
[0mGET /js/chat_engine.js [33m404[0m 54.550 ms - 156[0m
[0mGET /css/layout.css [33m404[0m 9.931 ms - 153[0m
[0mGET /js/home_posts.js [33m404[0m 10.270 ms - 155[0m
[0mGET /js/chat_engine-45d2eecc48.js [33m404[0m 10.300 ms - 167[0m
[0mGET /js/chat_engine.js [33m404[0m 10.882 ms - 156[0m
[0mGET /css/layout.css [33m404[0m 2.272 ms - 153[0m
[0mGET /js/home_posts.js [33m404[0m 2.504 ms - 155[0m
[0mGET /js/chat_engine-45d2eecc48.js [33m404[0m 2.605 ms - 167[0m
[0mGET /js/chat_engine.js [33m404[0m 2.546 ms - 156[0m
[0mGET /favicon.ico [33m404[0m 2.550 ms - 150[0m
[0mGET / [36m304[0m 52.925 ms - -[0m
[0mGET /js/chat_engine-45d2eecc48.js [33m404[0m 11.908 ms - 167[0m
[0mGET /css/layout.css [32m200[0m 30.910 ms - 1836[0m
[0mGET /js/home_posts.js [32m200[0m 26.618 ms - 2682[0m
[0mGET / [32m200[0m 51.059 ms - 4325[0m
[0mGET /js/chat_engine.js [32m200[0m 31.554 ms - 3467[0m
[0mGET /css/layout.css [32m200[0m 5.123 ms - 1836[0m
[0mGET /js/chat_engine-45d2eecc48.js [33m404[0m 5.217 ms - 167[0m
[0mGET /js/home_posts.js [32m200[0m 7.728 ms - 2682[0m
[0mGET /js/chat_engine.js [32m200[0m 6.776 ms - 3467[0m
[0mGET /js/chat_engine-45d2eecc48.js [33m404[0m 2.739 ms - 167[0m
[0mGET /favicon.ico [33m404[0m 3.186 ms - 150[0m
[0mGET /users/signin [36m304[0m 4.402 ms - -[0m
[0mGET /users/signin [32m200[0m 8.008 ms - 1907[0m
[0mGET /css/layout.css [36m304[0m 1.184 ms - -[0m
[0mGET /css/layout.css [32m200[0m 0.986 ms - 1836[0m
[0mGET /favicon.ico [33m404[0m 3.209 ms - 150[0m
[0mPOST /users/create-session [36m302[0m 9.189 ms - 46[0m
[0mGET / [32m200[0m 23.233 ms - 6474[0m
[0mGET /js/chat_engine.js [36m304[0m 7.978 ms - -[0m
[0mGET /js/home_posts.js [36m304[0m 5.101 ms - -[0m
[0mGET /css/layout.css [36m304[0m 9.573 ms - -[0m
[0mGET / [32m200[0m 49.828 ms - 6231[0m
[0mGET /js/chat_engine-45d2eecc48.js [33m404[0m 40.975 ms - 167[0m
[0mGET /css/layout.css [32m200[0m 2.051 ms - 1836[0m
[0mGET /js/home_posts.js [32m200[0m 3.780 ms - 2682[0m
[0mGET /js/chat_engine.js [32m200[0m 9.928 ms - 3467[0m
[0mGET /js/chat_engine-45d2eecc48.js [33m404[0m 12.531 ms - 167[0m
[0mGET /js/chat_engine-45d2eecc48.js [33m404[0m 4.423 ms - 167[0m
[0mGET /favicon.ico [33m404[0m 6.647 ms - 150[0m
[0mGET /users/profile/61d1e10b1218fa44e82eb06b [36m304[0m 10.729 ms - -[0m
[0mGET /css/layout.css [36m304[0m 2.742 ms - -[0m
[0mGET /users/profile/61d1e10b1218fa44e82eb06b [32m200[0m 13.448 ms - 2215[0m
[0mGET /uploads/users/avatars/avatar-1641584750542-404680814 [36m304[0m 0.851 ms - -[0m
[0mGET /css/layout.css [32m200[0m 0.848 ms - 1836[0m
[0mGET /uploads/users/avatars/avatar-1641584750542-404680814 [32m200[0m 1.475 ms - 1264172[0m
[0mGET /favicon.ico [33m404[0m 4.742 ms - 150[0m
[0mGET /users/signout [36m302[0m 4.071 ms - 46[0m
[0mGET / [32m200[0m 21.132 ms - 4567[0m
[0mGET / [32m200[0m 24.216 ms - 4325[0m
[0mGET /css/layout.css [36m304[0m 11.180 ms - -[0m
[0mGET /js/home_posts.js [36m304[0m 11.374 ms - -[0m
[0mGET /js/chat_engine.js [36m304[0m 13.274 ms - -[0m
[0mGET /js/chat_engine-45d2eecc48.js [33m404[0m 15.216 ms - 167[0m
[0mGET /css/layout.css [32m200[0m 1.247 ms - 1836[0m
[0mGET /js/home_posts.js [32m200[0m 2.814 ms - 2682[0m
[0mGET /js/chat_engine-45d2eecc48.js [33m404[0m 3.572 ms - 167[0m
[0mGET /js/chat_engine.js [32m200[0m 3.413 ms - 3467[0m
[0mGET /js/chat_engine-45d2eecc48.js [33m404[0m 1.726 ms - 167[0m
[0mGET /favicon.ico [33m404[0m 2.670 ms - 150[0m
[0mGET / [36m304[0m 52.076 ms - -[0m
[0mGET /css/layout.css [33m404[0m 22.018 ms - 153[0m
[0mGET /js/home_posts.js [33m404[0m 24.442 ms - 155[0m
[0mGET / [32m200[0m 54.362 ms - 4325[0m
[0mGET /js/chat_engine-45d2eecc48.js [33m404[0m 43.726 ms - 167[0m
[0mGET /js/chat_engine.js [33m404[0m 41.804 ms - 156[0m
[0mGET /css/layout.css [33m404[0m 3.566 ms - 153[0m
[0mGET /js/home_posts.js [33m404[0m 7.290 ms - 155[0m
[0mGET /js/chat_engine-45d2eecc48.js [33m404[0m 7.220 ms - 167[0m
[0mGET /js/chat_engine.js [33m404[0m 10.964 ms - 156[0m
[0mGET /css/layout.css [33m404[0m 4.505 ms - 153[0m
[0mGET /js/home_posts.js [33m404[0m 6.335 ms - 155[0m
[0mGET /js/chat_engine-45d2eecc48.js [33m404[0m 1.904 ms - 167[0m
[0mGET /js/chat_engine.js [33m404[0m 2.994 ms - 156[0m
[0mGET /favicon.ico [33m404[0m 2.910 ms - 150[0m
[0mGET / [36m304[0m 59.513 ms - -[0m
[0mGET /css/layout.css [33m404[0m 12.512 ms - 153[0m
[0mGET /js/home_posts.js [33m404[0m 10.257 ms - 155[0m
[0mGET /js/chat_engine-45d2eecc48.js [33m404[0m 14.872 ms - 167[0m
[0mGET /js/chat_engine.js [33m404[0m 15.741 ms - 156[0m
[0mGET /css/layout.css [33m404[0m 2.476 ms - 153[0m
[0mGET /js/home_posts.js [33m404[0m 3.048 ms - 155[0m
[0mGET /js/chat_engine-45d2eecc48.js [33m404[0m 3.439 ms - 167[0m
[0mGET /js/chat_engine.js [33m404[0m 4.704 ms - 156[0m
[0mGET / [32m200[0m 45.221 ms - 4313[0m
[0mGET /css/layout.css [32m200[0m 8.092 ms - 1836[0m
[0mGET /js/home_posts.js [32m200[0m 4.436 ms - 2682[0m
[0mGET /js/chat_engine.js [32m200[0m 4.320 ms - 3467[0m
[0mGET /users/signin [36m304[0m 8.588 ms - -[0m
[0mGET /css/layout.css [36m304[0m 1.370 ms - -[0m
[0mPOST /users/create-session [36m302[0m 8.181 ms - 46[0m
[0mGET / [32m200[0m 26.448 ms - 6462[0m
[0mGET /css/layout.css [36m304[0m 1.439 ms - -[0m
[0mGET /js/home_posts.js [36m304[0m 0.702 ms - -[0m
[0mGET /js/chat_engine.js [36m304[0m 0.813 ms - -[0m
[0mGET /users/signout [36m302[0m 5.370 ms - 46[0m
[0mGET / [32m200[0m 18.776 ms - 4555[0m
[0mGET /css/layout.css [36m304[0m 1.523 ms - -[0m
[0mGET /js/home_posts.js [36m304[0m 1.133 ms - -[0m
[0mGET /js/chat_engine.js [36m304[0m 3.155 ms - -[0m
[0mGET /css/layout.css [36m304[0m 0.505 ms - -[0m
[0mGET /users/signin [36m304[0m 4.202 ms - -[0m
[0mGET /css/layout.css [36m304[0m 0.704 ms - -[0m
[0mPOST /users/create-session [36m302[0m 4.983 ms - 46[0m
[0mGET / [32m200[0m 20.035 ms - 6462[0m
[0mGET /css/layout.css [36m304[0m 0.567 ms - -[0m
[0mGET /js/home_posts.js [36m304[0m 4.633 ms - -[0m
[0mGET /js/chat_engine.js [36m304[0m 4.356 ms - -[0m
[0mGET / [32m200[0m 48.759 ms - 4325[0m
[0mGET /css/layout.css [33m404[0m 11.988 ms - 153[0m
[0mGET /js/home_posts.js [33m404[0m 13.229 ms - 155[0m
[0mGET /js/chat_engine-45d2eecc48.js [33m404[0m 8.679 ms - 167[0m
[0mGET /js/chat_engine.js [33m404[0m 4.493 ms - 156[0m
[0mGET /css/layout.css [33m404[0m 2.425 ms - 153[0m
[0mGET /js/home_posts.js [33m404[0m 5.732 ms - 155[0m
[0mGET /js/chat_engine-45d2eecc48.js [33m404[0m 2.979 ms - 167[0m
[0mGET /js/chat_engine.js [33m404[0m 2.313 ms - 156[0m
[0mGET /users/signin [36m304[0m 8.640 ms - -[0m
[0mGET /css/layout.css [33m404[0m 4.593 ms - 153[0m
[0mGET /css/layout.css [33m404[0m 4.961 ms - 153[0m
[0mPOST /users/create-session [36m302[0m 9.626 ms - 46[0m
[0mGET / [32m200[0m 24.421 ms - 6474[0m
[0mGET /css/layout.css [33m404[0m 20.806 ms - 153[0m
[0mGET /js/home_posts.js [33m404[0m 19.798 ms - 155[0m
[0mGET /js/chat_engine.js [33m404[0m 25.711 ms - 156[0m
[0mGET /js/chat_engine-45d2eecc48.js [33m404[0m 26.581 ms - 167[0m
[0mGET /css/layout.css [33m404[0m 4.473 ms - 153[0m
[0mGET /js/home_posts.js [33m404[0m 6.103 ms - 155[0m
[0mGET /js/chat_engine-45d2eecc48.js [33m404[0m 3.936 ms - 167[0m
[0mGET /js/chat_engine.js [33m404[0m 2.994 ms - 156[0m
[0mGET / [32m200[0m 22.971 ms - 4325[0m
[0mGET /css/layout.css [33m404[0m 6.234 ms - 153[0m
[0mGET /js/home_posts.js [33m404[0m 6.717 ms - 155[0m
[0mGET /js/chat_engine-45d2eecc48.js [33m404[0m 3.861 ms - 167[0m
[0mGET /js/chat_engine.js [33m404[0m 3.133 ms - 156[0m
[0mGET /css/layout.css [33m404[0m 3.810 ms - 153[0m
[0mGET /js/home_posts.js [33m404[0m 2.175 ms - 155[0m
[0mGET /js/chat_engine-45d2eecc48.js [33m404[0m 1.850 ms - 167[0m
[0mGET /js/chat_engine.js [33m404[0m 2.004 ms - 156[0m
[0mGET /users/signin [32m200[0m 4.433 ms - 1907[0m
[0mGET /css/layout.css [33m404[0m 3.416 ms - 153[0m
[0mPOST /users/create-session [36m302[0m 6.515 ms - 46[0m
[0mGET / [32m200[0m 27.545 ms - 6423[0m
[0mGET /css/layout.css [33m404[0m 15.741 ms - 153[0m
[0mGET /js/home_posts.js [33m404[0m 13.114 ms - 155[0m
[0mGET /js/chat_engine-45d2eecc48.js [33m404[0m 15.216 ms - 167[0m
[0mGET /js/chat_engine.js [33m404[0m 20.874 ms - 156[0m
[0mGET / [32m200[0m 84.561 ms - 6231[0m
[0mGET /css/layout.css [33m404[0m 32.064 ms - 153[0m
[0mGET /js/home_posts.js [33m404[0m 31.628 ms - 155[0m
[0mGET /js/chat_engine-45d2eecc48.js [33m404[0m 45.498 ms - 167[0m
[0mGET /js/chat_engine.js [33m404[0m 45.582 ms - 156[0m
[0mGET /css/layout.css [33m404[0m 14.680 ms - 153[0m
[0mGET /js/home_posts.js [33m404[0m 12.932 ms - 155[0m
[0mGET /js/chat_engine-45d2eecc48.js [33m404[0m 9.139 ms - 167[0m
[0mGET /js/chat_engine.js [33m404[0m 6.133 ms - 156[0m
[0mGET / [36m304[0m 113.441 ms - -[0m
[0mGET /css/layout.css [32m200[0m 17.260 ms - 1836[0m
[0mGET /js/home_posts.js [32m200[0m 18.092 ms - 2682[0m
[0mGET /js/chat_engine.js [32m200[0m 15.339 ms - 3467[0m
[0mGET /js/chat_engine-45d2eecc48.js [33m404[0m 27.468 ms - 167[0m
[0mGET /js/chat_engine-45d2eecc48.js [33m404[0m 15.655 ms - 167[0m
[0mGET /users/signout [36m302[0m 13.883 ms - 46[0m
[0mGET / [32m200[0m 31.623 ms - 4567[0m
[0mGET /css/layout.css [36m304[0m 1.897 ms - -[0m
[0mGET /js/home_posts.js [36m304[0m 1.000 ms - -[0m
[0mGET /js/chat_engine-45d2eecc48.js [33m404[0m 6.060 ms - 167[0m
[0mGET /js/chat_engine.js [36m304[0m 3.478 ms - -[0m
[0mGET /js/chat_engine-45d2eecc48.js [33m404[0m 3.714 ms - 167[0m
[0mGET /users/signin [36m304[0m 9.358 ms - -[0m
[0mGET /css/layout.css [36m304[0m 0.933 ms - -[0m
[0mPOST /users/create-session [36m302[0m 6.145 ms - 46[0m
[0mGET / [32m200[0m 25.851 ms - 6474[0m
[0mGET /css/layout.css [36m304[0m 0.598 ms - -[0m
[0mGET /js/home_posts.js [36m304[0m 1.727 ms - -[0m
[0mGET /js/chat_engine.js [36m304[0m 1.967 ms - -[0m
[0mGET /js/chat_engine-45d2eecc48.js [33m404[0m 9.275 ms - 167[0m
[0mGET /js/chat_engine-45d2eecc48.js [33m404[0m 4.239 ms - 167[0m
[0mGET /users/signout [36m302[0m 4.620 ms - 46[0m
[0mGET / [32m200[0m 17.546 ms - 4567[0m
[0mGET /css/layout.css [36m304[0m 1.113 ms - -[0m
[0mGET /js/home_posts.js [36m304[0m 2.002 ms - -[0m
[0mGET /js/chat_engine.js [36m304[0m 1.793 ms - -[0m
[0mGET /js/chat_engine-45d2eecc48.js [33m404[0m 5.201 ms - 167[0m
[0mGET /js/chat_engine-45d2eecc48.js [33m404[0m 2.513 ms - 167[0m
[0mGET /users/signin [36m304[0m 24.895 ms - -[0m
[0mGET /css/layout.css [36m304[0m 4.636 ms - -[0m
[0mGET / [32m200[0m 74.456 ms - 6182[0m
[0mGET /css/layout.css [32m200[0m 11.553 ms - 1836[0m
[0mGET /js/home_posts.js [32m200[0m 12.274 ms - 2682[0m
[0mGET /js/chat_engine.js [32m200[0m 10.641 ms - 3467[0m
[0mGET /js/chat_engine-45d2eecc48.js [33m404[0m 18.691 ms - 167[0m
[0mGET /js/chat_engine-45d2eecc48.js [33m404[0m 7.291 ms - 167[0m
[0mPOST /users/create-session [36m302[0m 10.106 ms - 46[0m
[0mGET / [32m200[0m 23.073 ms - 6474[0m
[0mGET /css/layout.css [36m304[0m 1.410 ms - -[0m
[0mGET /js/home_posts.js [36m304[0m 2.670 ms - -[0m
[0mGET /js/chat_engine.js [36m304[0m 3.118 ms - -[0m
[0mGET /js/chat_engine-45d2eecc48.js [33m404[0m 10.247 ms - 167[0m
[0mGET /js/chat_engine-45d2eecc48.js [33m404[0m 3.594 ms - 167[0m
[0mGET / [32m200[0m 115.980 ms - 2157[0m
[0mGET /css/layout.css [36m304[0m 2.603 ms - -[0m
[0mGET /js/home_posts.js [36m304[0m 5.486 ms - -[0m
[0mGET /js/chat_engine.js [36m304[0m 0.773 ms - -[0m
[0mGET /js/chat_engine-45d2eecc48.js [33m404[0m 10.523 ms - 167[0m
[0mGET /js/chat_engine-45d2eecc48.js [33m404[0m 3.414 ms - 167[0m
[0mGET /users/signin [36m304[0m 4.858 ms - -[0m
[0mGET /css/layout.css [36m304[0m 0.876 ms - -[0m
[0mPOST /users/create-session [36m302[0m 67.006 ms - 70[0m
[0mGET /users/signin [32m200[0m 4.291 ms - 2154[0m
[0mGET /css/layout.css [36m304[0m 0.718 ms - -[0m
[0mGET /users/signup [32m200[0m 3.922 ms - 1986[0m
[0mGET /css/layout.css [36m304[0m 0.892 ms - -[0m
[0mPOST /users/create [36m302[0m 377.227 ms - 70[0m
[0mGET /users/signin [32m200[0m 4.035 ms - 2146[0m
[0mGET /css/layout.css [36m304[0m 0.687 ms - -[0m
[0mPOST /users/create-session [36m302[0m 41.910 ms - 46[0m
[0mGET / [32m200[0m 133.334 ms - 3440[0m
[0mGET /css/layout.css [36m304[0m 0.461 ms - -[0m
[0mGET /js/home_posts.js [36m304[0m 0.888 ms - -[0m
[0mGET /js/chat_engine.js [36m304[0m 1.877 ms - -[0m
[0mGET /js/chat_engine-45d2eecc48.js [33m404[0m 41.092 ms - 167[0m
[0mGET /js/chat_engine-45d2eecc48.js [33m404[0m 40.035 ms - 167[0m
[0mGET / [32m200[0m 99.799 ms - 2284[0m
[0mGET /css/layout.css [32m200[0m 7.654 ms - 1836[0m
[0mGET /js/chat_engine-45d2eecc48.js [33m404[0m 6.933 ms - 167[0m
[0mGET /js/home_posts.js [32m200[0m 8.634 ms - 2682[0m
[0mGET /js/chat_engine.js [32m200[0m 6.946 ms - 3467[0m
[0mGET /js/chat_engine-45d2eecc48.js [33m404[0m 1.821 ms - 167[0m
[0mPOST /posts/create-post [36m302[0m 105.978 ms - 88[0m
[0mGET / [32m200[0m 159.138 ms - 4294[0m
[0mGET /css/layout.css [36m304[0m 1.069 ms - -[0m
[0mGET /js/chat_engine.js [36m304[0m 1.997 ms - -[0m
[0mGET /js/home_posts.js [36m304[0m 1.172 ms - -[0m
[0mGET /js/chat_engine-45d2eecc48.js [33m404[0m 41.811 ms - 167[0m
[0mGET /js/chat_engine-45d2eecc48.js [33m404[0m 45.178 ms - 167[0m
[0mPOST /posts/create-post [36m302[0m 85.274 ms - 88[0m
[0mGET / [32m200[0m 156.525 ms - 5131[0m
[0mGET /css/layout.css [36m304[0m 0.485 ms - -[0m
[0mGET /js/home_posts.js [36m304[0m 0.341 ms - -[0m
[0mGET /js/chat_engine.js [36m304[0m 2.056 ms - -[0m
[0mGET /js/chat_engine-45d2eecc48.js [33m404[0m 41.822 ms - 167[0m
[0mGET /js/chat_engine-45d2eecc48.js [33m404[0m 38.262 ms - 167[0m
[0mPOST /posts/create-post [36m302[0m 81.468 ms - 88[0m
[0mGET / [32m200[0m 433.907 ms - 5993[0m
[0mGET /css/layout.css [36m304[0m 0.942 ms - -[0m
[0mGET /js/home_posts.js [36m304[0m 1.581 ms - -[0m
[0mGET /js/chat_engine.js [36m304[0m 1.778 ms - -[0m
[0mGET /js/chat_engine-45d2eecc48.js [33m404[0m 42.362 ms - 167[0m
[0mGET /js/chat_engine-45d2eecc48.js [33m404[0m 37.712 ms - 167[0m
[0mPOST /comments/create [36m302[0m 447.471 ms - 88[0m
[0mGET / [32m200[0m 218.000 ms - 6012[0m
[0mGET /css/layout.css [36m304[0m 0.668 ms - -[0m
[0mGET /js/home_posts.js [36m304[0m 3.206 ms - -[0m
[0mGET /js/chat_engine.js [36m304[0m 1.841 ms - -[0m
[0mGET /js/chat_engine-45d2eecc48.js [33m404[0m 39.002 ms - 167[0m
[0mGET /js/chat_engine-45d2eecc48.js [33m404[0m 46.132 ms - 167[0m
[0mGET /comments/deleteComment/61d9cf4dc6f2b233d899f951 [36m302[0m 138.458 ms - 88[0m
[0mGET / [32m200[0m 158.666 ms - 5994[0m
[0mGET /css/layout.css [36m304[0m 2.315 ms - -[0m
[0mGET /js/home_posts.js [36m304[0m 2.209 ms - -[0m
[0mGET /js/chat_engine.js [36m304[0m 3.639 ms - -[0m
[0mGET /js/chat_engine-45d2eecc48.js [33m404[0m 45.900 ms - 167[0m
[0mGET /js/chat_engine-45d2eecc48.js [33m404[0m 43.437 ms - 167[0m
[0mGET / [32m200[0m 120.762 ms - 3511[0m
[0mGET /css/layout.css [36m304[0m 0.957 ms - -[0m
[0mGET /js/home_posts.js [36m304[0m 1.163 ms - -[0m
[0mGET /js/chat_engine-45d2eecc48.js [33m404[0m 3.996 ms - 167[0m
[0mGET /js/chat_engine.js [36m304[0m 2.269 ms - -[0m
[0mGET /js/chat_engine-45d2eecc48.js [33m404[0m 2.233 ms - 167[0m
[0mGET /users/signin [32m200[0m 4.639 ms - 1907[0m
[0mGET /css/layout.css [36m304[0m 0.679 ms - -[0m
[0mPOST /users/create-session [36m302[0m 35.668 ms - 70[0m
[0mGET /users/signin [32m200[0m 3.168 ms - 2154[0m
[0mGET /css/layout.css [36m304[0m 0.452 ms - -[0m
[0mGET /users/signup [32m200[0m 4.258 ms - 1986[0m
[0mGET /css/layout.css [36m304[0m 0.563 ms - -[0m
[0mPOST /users/create [36m302[0m 83.358 ms - 70[0m
[0mGET /users/signin [32m200[0m 4.087 ms - 2146[0m
[0mGET /css/layout.css [36m304[0m 0.813 ms - -[0m
[0mPOST /users/create-session [36m302[0m 36.114 ms - 46[0m
[0mGET / [32m200[0m 159.689 ms - 5746[0m
[0mGET /css/layout.css [36m304[0m 1.656 ms - -[0m
[0mGET /js/home_posts.js [36m304[0m 1.158 ms - -[0m
[0mGET /js/chat_engine.js [36m304[0m 1.266 ms - -[0m
[0mGET /js/chat_engine-45d2eecc48.js [33m404[0m 38.935 ms - 167[0m
[0mPOST /comments/create [36m302[0m 151.420 ms - 88[0m
[0mGET / [32m200[0m 187.059 ms - 5770[0m
[0mGET /css/layout.css [36m304[0m 0.612 ms - -[0m
[0mGET /js/home_posts.js [36m304[0m 0.947 ms - -[0m
[0mGET /js/chat_engine.js [36m304[0m 2.548 ms - -[0m
[0mGET /js/chat_engine-45d2eecc48.js [33m404[0m 43.560 ms - 167[0m
[0mPOST /comments/create [36m302[0m 161.332 ms - 88[0m
[0mGET / [32m200[0m 460.419 ms - 6028[0m
[0mGET /css/layout.css [36m304[0m 1.327 ms - -[0m
[0mGET /js/home_posts.js [36m304[0m 2.184 ms - -[0m
[0mGET /js/chat_engine.js [36m304[0m 0.618 ms - -[0m
[0mGET /js/chat_engine-45d2eecc48.js [33m404[0m 44.499 ms - 167[0m
[0mPOST /comments/create [36m302[0m 151.446 ms - 88[0m
[0mGET / [32m200[0m 207.623 ms - 6296[0m
[0mGET /css/layout.css [36m304[0m 2.322 ms - -[0m
[0mGET /js/home_posts.js [36m304[0m 2.004 ms - -[0m
[0mGET /js/chat_engine.js [36m304[0m 3.190 ms - -[0m
[0mGET /js/chat_engine-45d2eecc48.js [33m404[0m 44.458 ms - 167[0m
[0mGET /users/signout [36m302[0m 42.784 ms - 46[0m
[0mGET / [32m200[0m 156.983 ms - 4360[0m
[0mGET /css/layout.css [36m304[0m 0.713 ms - -[0m
[0mGET /js/home_posts.js [36m304[0m 1.766 ms - -[0m
[0mGET /js/chat_engine.js [36m304[0m 1.674 ms - -[0m
[0mGET /js/chat_engine-45d2eecc48.js [33m404[0m 4.750 ms - 167[0m
